<04/05/2014 16:56:37::914 0xCE4> Module info - 

Name: engine.dll
Path: C:\Program Files (x86)\YouTube Accelerator\engine.dll
Version: 3.3.9.5

<04/05/2014 16:56:39::633 0xCE4> [CheckIsAllowedToLoad] Module: C:\Program Files (x86)\YouTube Accelerator\lspinst2.exe
<04/05/2014 16:56:39::633 0xCE4> [CEventsThread::CEventsThread]
<04/05/2014 16:56:39::633 0xCE4> [CImpersonate::CImpersonate]
<04/05/2014 16:56:39::633 0xCE4> [CImpersonateThread::CImpersonateThread]
<04/05/2014 16:56:39::633 0xCE4> [CImpersonateThread::~CImpersonateThread]
<04/05/2014 16:56:39::633 0xCE4> [CImpersonate::~CImpersonate]
<04/05/2014 16:56:39::634 0xCE4> [CImpersonate::Cleanup] Impersonated: 0
<04/05/2014 16:56:39::634 0xCE4> [CImpersonate::Revert] Impersonated: 0
<04/05/2014 16:56:39::634 0xCE4> [CEventsThread::~CEventsThread]
<04/05/2014 16:56:39::634 0xCE4> [CEventsThread::Cleanup]
<04/05/2014 16:56:39::634 0xCE4> [CEventsThread::Stop - Enter] TID=0
<04/05/2014 16:56:39::634 0xCE4> [CEventsThread::Stop - Leave] TID=0
<04/05/2014 16:56:39::634 0xCE4> [CEventsThread::Cleanup] Closing Handle: 2
<04/05/2014 16:56:39::635 0xCE4> [CEventsThread::CEventsThread]
<04/05/2014 16:56:39::635 0xCE4> [CImpersonate::CImpersonate]
<04/05/2014 16:56:39::635 0xCE4> [CImpersonateThread::CImpersonateThread]
<04/05/2014 16:56:39::635 0xCE4> [CImpersonateThread::~CImpersonateThread]
<04/05/2014 16:56:39::635 0xCE4> [CImpersonate::~CImpersonate]
<04/05/2014 16:56:39::635 0xCE4> [CImpersonate::Cleanup] Impersonated: 0
<04/05/2014 16:56:39::635 0xCE4> [CImpersonate::Revert] Impersonated: 0
<04/05/2014 16:56:39::635 0xCE4> [CEventsThread::~CEventsThread]
<04/05/2014 16:56:39::635 0xCE4> [CEventsThread::Cleanup]
<04/05/2014 16:56:39::635 0xCE4> [CEventsThread::Stop - Enter] TID=0
<04/05/2014 16:56:39::635 0xCE4> [CEventsThread::Stop - Leave] TID=0
<04/05/2014 16:56:39::635 0xCE4> [CEventsThread::Cleanup] Closing Handle: 2
<04/05/2014 16:56:39::639 0xCE4> [CLSPFilter::CheckIsAllowedToLoad] Installed: C:\Program Files (x86)\YouTube Accelerator\engine.dll
<04/05/2014 16:56:39::645 0xCE4> [CLSPFilter::BuildWhiteList]
<04/05/2014 16:56:39::645 0xCE4> [CLSPFilter::GetCurrenProcessUserName] Name: admin
<04/05/2014 16:56:39::645 0xCE4> [CLSPFilter::CheckIsAllowedToLoad] GetCurrentProcessUserName: admin
<04/05/2014 16:56:39::645 0xCE4> [CLSPFilter::CheckIsAllowedToLoad] GetCurrentProcessIntegrityLevel: High
<04/05/2014 16:56:39::645 0xCE4> [CLSPFilter::BuildBlackList]
<04/05/2014 16:56:39::645 0xCE4> [CLSPFilter::BuildBlackList] Added black list from server: crss;svchost;ActSage.exe;cdasf.exe;wlidsvc.exe;wlcomm.exe;agent.exe;ASC.exe;sump.exe;Audials.exe;TeamViewer;
<04/05/2014 16:56:39::645 0xCE4> [CLSPFilter::CheckIsAllowedToLoad] FALSE - found in BlackList: lspinst
<04/05/2014 16:56:39::645 0xCE4> [CLSPFilter::CLSPFilter] Done.
<04/05/2014 16:56:39::645 0xCE4> [CLSPFilter::~CLSPFilter]
<04/05/2014 16:56:39::646 0xCE4> [CLSPFilter::Unload]
<04/05/2014 16:56:39::646 0xCE4> [CLSPFilter::~CLSPFilter] Done.
<04/05/2014 16:56:39::646 0xCE4> [CBaseProviderProc::~CBaseProviderProc]
