<<<<<<<<<<<<<<<>>>>>>>>>>>>>>> MODULE DETAILS <<<<<<<<<<<<<<<>>>>>>>>>>>>>>>

ModuleName:         C:\Program Files (x86)\YouTube Accelerator\YouTubeAccelerator.exe
ProductName:        YouTube Accelerator
CompanyName:        GOOBZO
ProductVersion:     3.3.9.5
OriginalFilename:   
FileVersion:        3.3.9.5
FileDescription:    
<<<<<<<<<<<<<<<>>>>>>>>>>>>>>>                <<<<<<<<<<<<<<<>>>>>>>>>>>>>>>


<04/05/2014 16:53:20::517 0x1878> [CEventThreadManager::OnData] Event Alert: Global\GOOBZO_STREAMACCELERATOREVENTSERVICEKEEPALIVE
<04/05/2014 16:53:25::523 0x1878> [CEventThreadManager::OnData] Event Alert: Global\GOOBZO_STREAMACCELERATOREVENTSERVICEKEEPALIVE
<04/05/2014 16:53:30::536 0x1878> [CEventThreadManager::OnData] Event Alert: Global\GOOBZO_STREAMACCELERATOREVENTSERVICEKEEPALIVE
<04/05/2014 16:53:35::541 0x1878> [CEventThreadManager::OnData] Event Alert: Global\GOOBZO_STREAMACCELERATOREVENTSERVICEKEEPALIVE
<04/05/2014 16:53:40::546 0x1878> [CEventThreadManager::OnData] Event Alert: Global\GOOBZO_STREAMACCELERATOREVENTSERVICEKEEPALIVE
<04/05/2014 16:53:45::547 0x1878> [CEventThreadManager::OnData] Event Alert: Global\GOOBZO_STREAMACCELERATOREVENTSERVICEKEEPALIVE
<04/05/2014 16:53:50::556 0x1878> [CEventThreadManager::OnData] Event Alert: Global\GOOBZO_STREAMACCELERATOREVENTSERVICEKEEPALIVE
<04/05/2014 16:53:55::578 0x1878> [CEventThreadManager::OnData] Event Alert: Global\GOOBZO_STREAMACCELERATOREVENTSERVICEKEEPALIVE
<04/05/2014 16:54:00::612 0x1878> [CEventThreadManager::OnData] Event Alert: Global\GOOBZO_STREAMACCELERATOREVENTSERVICEKEEPALIVE
<04/05/2014 16:54:05::584 0x1878> [CEventThreadManager::OnData] Event Alert: Global\GOOBZO_STREAMACCELERATOREVENTSERVICEKEEPALIVE
<04/05/2014 16:54:10::593 0x1878> [CEventThreadManager::OnData] Event Alert: Global\GOOBZO_STREAMACCELERATOREVENTSERVICEKEEPALIVE
<04/05/2014 16:54:15::661 0x1878> [CEventThreadManager::OnData] Event Alert: Global\GOOBZO_STREAMACCELERATOREVENTSERVICEKEEPALIVE
<04/05/2014 16:54:20::636 0x1878> [CEventThreadManager::OnData] Event Alert: Global\GOOBZO_STREAMACCELERATOREVENTSERVICEKEEPALIVE
<04/05/2014 16:54:25::644 0x1878> [CEventThreadManager::OnData] Event Alert: Global\GOOBZO_STREAMACCELERATOREVENTSERVICEKEEPALIVE
<04/05/2014 16:54:30::873 0x1878> [CEventThreadManager::OnData] Event Alert: Global\GOOBZO_STREAMACCELERATOREVENTSERVICEKEEPALIVE
<04/05/2014 16:54:35::799 0x1878> [CEventThreadManager::OnData] Event Alert: Global\GOOBZO_STREAMACCELERATOREVENTSERVICEKEEPALIVE
<04/05/2014 16:54:40::809 0x1878> [CEventThreadManager::OnData] Event Alert: Global\GOOBZO_STREAMACCELERATOREVENTSERVICEKEEPALIVE
<04/05/2014 16:54:40::828 0x1EC0> [CCommData::Broadcast] Client: \\.\pipe\GOOBZO_VAPIPESERVERENG, Event: Global\GOOBZO_INSTALLLSP, code: 3
<04/05/2014 16:54:45::817 0x1878> [CEventThreadManager::OnData] Event Alert: Global\GOOBZO_STREAMACCELERATOREVENTSERVICEKEEPALIVE
<04/05/2014 16:54:49::499 0x1878> [CEventThreadManager::OnData] Event Alert: Global\GOOBZO_INSTALLLSPFAILED
<04/05/2014 16:54:51::142 0x1878> [CEventThreadManager::OnData] Event Alert: Global\GOOBZO_STREAMACCELERATOREVENTSERVICEKEEPALIVE
<04/05/2014 16:54:56::058 0x1878> [CEventThreadManager::OnData] Event Alert: Global\GOOBZO_STREAMACCELERATOREVENTSERVICEKEEPALIVE
<04/05/2014 16:55:01::337 0x1878> [CEventThreadManager::OnData] Event Alert: Global\GOOBZO_STREAMACCELERATOREVENTSERVICEKEEPALIVE
<04/05/2014 16:55:06::292 0x1878> [CEventThreadManager::OnData] Event Alert: Global\GOOBZO_STREAMACCELERATOREVENTSERVICEKEEPALIVE
<04/05/2014 16:55:11::202 0x1878> [CEventThreadManager::OnData] Event Alert: Global\GOOBZO_STREAMACCELERATOREVENTSERVICEKEEPALIVE
<04/05/2014 16:55:16::202 0x1878> [CEventThreadManager::OnData] Event Alert: Global\GOOBZO_STREAMACCELERATOREVENTSERVICEKEEPALIVE
<04/05/2014 16:55:21::213 0x1878> [CEventThreadManager::OnData] Event Alert: Global\GOOBZO_STREAMACCELERATOREVENTSERVICEKEEPALIVE
<04/05/2014 16:55:26::387 0x1878> [CEventThreadManager::OnData] Event Alert: Global\GOOBZO_STREAMACCELERATOREVENTSERVICEKEEPALIVE
<04/05/2014 16:55:31::292 0x1878> [CEventThreadManager::OnData] Event Alert: Global\GOOBZO_STREAMACCELERATOREVENTSERVICEKEEPALIVE
<04/05/2014 16:55:36::293 0x1878> [CEventThreadManager::OnData] Event Alert: Global\GOOBZO_STREAMACCELERATOREVENTSERVICEKEEPALIVE
<04/05/2014 16:55:41::303 0x1878> [CEventThreadManager::OnData] Event Alert: Global\GOOBZO_STREAMACCELERATOREVENTSERVICEKEEPALIVE
<04/05/2014 16:55:46::314 0x1878> [CEventThreadManager::OnData] Event Alert: Global\GOOBZO_STREAMACCELERATOREVENTSERVICEKEEPALIVE
<04/05/2014 16:55:51::322 0x1878> [CEventThreadManager::OnData] Event Alert: Global\GOOBZO_STREAMACCELERATOREVENTSERVICEKEEPALIVE
<04/05/2014 16:55:56::322 0x1878> [CEventThreadManager::OnData] Event Alert: Global\GOOBZO_STREAMACCELERATOREVENTSERVICEKEEPALIVE
<04/05/2014 16:56:01::331 0x1878> [CEventThreadManager::OnData] Event Alert: Global\GOOBZO_STREAMACCELERATOREVENTSERVICEKEEPALIVE
<04/05/2014 16:56:06::339 0x1878> [CEventThreadManager::OnData] Event Alert: Global\GOOBZO_STREAMACCELERATOREVENTSERVICEKEEPALIVE
<04/05/2014 16:56:11::347 0x1878> [CEventThreadManager::OnData] Event Alert: Global\GOOBZO_STREAMACCELERATOREVENTSERVICEKEEPALIVE
<04/05/2014 16:56:16::356 0x1878> [CEventThreadManager::OnData] Event Alert: Global\GOOBZO_STREAMACCELERATOREVENTSERVICEKEEPALIVE
<04/05/2014 16:56:21::364 0x1878> [CEventThreadManager::OnData] Event Alert: Global\GOOBZO_STREAMACCELERATOREVENTSERVICEKEEPALIVE
<04/05/2014 16:56:26::372 0x1878> [CEventThreadManager::OnData] Event Alert: Global\GOOBZO_STREAMACCELERATOREVENTSERVICEKEEPALIVE
<04/05/2014 16:56:31::377 0x1878> [CEventThreadManager::OnData] Event Alert: Global\GOOBZO_STREAMACCELERATOREVENTSERVICEKEEPALIVE
<04/05/2014 16:56:36::386 0x1878> [CEventThreadManager::OnData] Event Alert: Global\GOOBZO_STREAMACCELERATOREVENTSERVICEKEEPALIVE
<04/05/2014 16:56:41::411 0x1878> [CEventThreadManager::OnData] Event Alert: Global\GOOBZO_STREAMACCELERATOREVENTSERVICEKEEPALIVE
<04/05/2014 16:56:42::526 0x1EC0> [CCommData::Broadcast] Client: \\.\pipe\GOOBZO_VAPIPESERVERENG, Event: Global\GOOBZO_SALOADSERVICEMODULRSEVENT, code: 3
<04/05/2014 16:56:42::953 0x1878> [CEventThreadManager::OnData] Event Alert: Global\GOOBZO_TESTSERVICESUCCEEDED
<04/05/2014 16:56:46::417 0x1878> [CEventThreadManager::OnData] Event Alert: Global\GOOBZO_STREAMACCELERATOREVENTSERVICEKEEPALIVE
<04/05/2014 16:56:51::425 0x1878> [CEventThreadManager::OnData] Event Alert: Global\GOOBZO_STREAMACCELERATOREVENTSERVICEKEEPALIVE
<04/05/2014 16:56:56::435 0x1878> [CEventThreadManager::OnData] Event Alert: Global\GOOBZO_STREAMACCELERATOREVENTSERVICEKEEPALIVE
<04/05/2014 16:57:01::442 0x1878> [CEventThreadManager::OnData] Event Alert: Global\GOOBZO_STREAMACCELERATOREVENTSERVICEKEEPALIVE
<04/05/2014 16:57:06::466 0x1878> [CEventThreadManager::OnData] Event Alert: Global\GOOBZO_STREAMACCELERATOREVENTSERVICEKEEPALIVE
<04/05/2014 16:57:11::462 0x1878> [CEventThreadManager::OnData] Event Alert: Global\GOOBZO_STREAMACCELERATOREVENTSERVICEKEEPALIVE
<04/05/2014 16:57:16::471 0x1878> [CEventThreadManager::OnData] Event Alert: Global\GOOBZO_STREAMACCELERATOREVENTSERVICEKEEPALIVE
<04/05/2014 16:57:21::648 0x1878> [CEventThreadManager::OnData] Event Alert: Global\GOOBZO_STREAMACCELERATOREVENTSERVICEKEEPALIVE
<04/05/2014 16:57:26::606 0x1878> [CEventThreadManager::OnData] Event Alert: Global\GOOBZO_STREAMACCELERATOREVENTSERVICEKEEPALIVE
<04/05/2014 16:57:31::630 0x1878> [CEventThreadManager::OnData] Event Alert: Global\GOOBZO_STREAMACCELERATOREVENTSERVICEKEEPALIVE
<04/05/2014 16:57:36::659 0x1878> [CEventThreadManager::OnData] Event Alert: Global\GOOBZO_STREAMACCELERATOREVENTSERVICEKEEPALIVE
<04/05/2014 16:57:41::662 0x1878> [CEventThreadManager::OnData] Event Alert: Global\GOOBZO_STREAMACCELERATOREVENTSERVICEKEEPALIVE
<04/05/2014 16:57:46::679 0x1878> [CEventThreadManager::OnData] Event Alert: Global\GOOBZO_STREAMACCELERATOREVENTSERVICEKEEPALIVE
<04/05/2014 16:57:51::731 0x1878> [CEventThreadManager::OnData] Event Alert: Global\GOOBZO_STREAMACCELERATOREVENTSERVICEKEEPALIVE
<04/05/2014 16:57:56::743 0x1878> [CEventThreadManager::OnData] Event Alert: Global\GOOBZO_STREAMACCELERATOREVENTSERVICEKEEPALIVE
<04/05/2014 16:58:01::822 0x1878> [CEventThreadManager::OnData] Event Alert: Global\GOOBZO_STREAMACCELERATOREVENTSERVICEKEEPALIVE
<04/05/2014 16:58:06::834 0x1878> [CEventThreadManager::OnData] Event Alert: Global\GOOBZO_STREAMACCELERATOREVENTSERVICEKEEPALIVE
<04/05/2014 16:58:11::813 0x1878> [CEventThreadManager::OnData] Event Alert: Global\GOOBZO_STREAMACCELERATOREVENTSERVICEKEEPALIVE
<04/05/2014 16:58:16::862 0x1878> [CEventThreadManager::OnData] Event Alert: Global\GOOBZO_STREAMACCELERATOREVENTSERVICEKEEPALIVE
<04/05/2014 16:58:21::887 0x1878> [CEventThreadManager::OnData] Event Alert: Global\GOOBZO_STREAMACCELERATOREVENTSERVICEKEEPALIVE
<04/05/2014 16:58:26::886 0x1878> [CEventThreadManager::OnData] Event Alert: Global\GOOBZO_STREAMACCELERATOREVENTSERVICEKEEPALIVE
<04/05/2014 16:58:31::897 0x1878> [CEventThreadManager::OnData] Event Alert: Global\GOOBZO_STREAMACCELERATOREVENTSERVICEKEEPALIVE
<04/05/2014 16:58:35::274 0x1878> [CEventThreadManager::OnData] Event Alert: Global\GOOBZO_NAVIGATIONSUCCEEDED
<04/05/2014 16:58:36::962 0x1878> [CEventThreadManager::OnData] Event Alert: Global\GOOBZO_STREAMACCELERATOREVENTSERVICEKEEPALIVE
<04/05/2014 16:58:41::925 0x1878> [CEventThreadManager::OnData] Event Alert: Global\GOOBZO_STREAMACCELERATOREVENTSERVICEKEEPALIVE
<04/05/2014 16:58:46::927 0x1878> [CEventThreadManager::OnData] Event Alert: Global\GOOBZO_STREAMACCELERATOREVENTSERVICEKEEPALIVE
<04/05/2014 16:58:51::957 0x1878> [CEventThreadManager::OnData] Event Alert: Global\GOOBZO_STREAMACCELERATOREVENTSERVICEKEEPALIVE
<04/05/2014 16:58:55::755 0x1EC0> [CCommData::Broadcast] Client: \\.\pipe\GOOBZO_VAPIPESERVERENG, Event: Global\GOOBZO_STREAMACCELERATORCOMTESTSUCCEEDED, code: 3
<04/05/2014 16:58:56::942 0x1878> [CEventThreadManager::OnData] Event Alert: Global\GOOBZO_STREAMACCELERATOREVENTSERVICEKEEPALIVE
<04/05/2014 16:59:01::956 0x1878> [CEventThreadManager::OnData] Event Alert: Global\GOOBZO_STREAMACCELERATOREVENTSERVICEKEEPALIVE
<04/05/2014 16:59:04::460 0x1EC0> [CCommData::Broadcast] Client: \\.\pipe\GOOBZO_VAPIPESERVERENG, Event: Global\GOOBZO_SASETTRACEROFF, code: 3
<04/05/2014 16:59:06::958 0x1878> [CEventThreadManager::OnData] Event Alert: Global\GOOBZO_STREAMACCELERATOREVENTSERVICEKEEPALIVE
<04/05/2014 16:59:11::986 0x1878> [CEventThreadManager::OnData] Event Alert: Global\GOOBZO_STREAMACCELERATOREVENTSERVICEKEEPALIVE
<04/05/2014 16:59:16::986 0x1878> [CEventThreadManager::OnData] Event Alert: Global\GOOBZO_STREAMACCELERATOREVENTSERVICEKEEPALIVE
<04/05/2014 16:59:21::992 0x1878> [CEventThreadManager::OnData] Event Alert: Global\GOOBZO_STREAMACCELERATOREVENTSERVICEKEEPALIVE
<04/05/2014 16:59:27::076 0x1878> [CEventThreadManager::OnData] Event Alert: Global\GOOBZO_STREAMACCELERATOREVENTSERVICEKEEPALIVE
<04/05/2014 16:59:32::095 0x1878> [CEventThreadManager::OnData] Event Alert: Global\GOOBZO_STREAMACCELERATOREVENTSERVICEKEEPALIVE
<04/05/2014 16:59:32::733 0x1EC0> [CCommData::Broadcast] Client: \\.\pipe\GOOBZO_VAPIPESERVERENG, Event: Global\GOOBZO_RESTATDNSCLIENEVENT, code: 3
<04/05/2014 16:59:37::120 0x1878> [CEventThreadManager::OnData] Event Alert: Global\GOOBZO_STREAMACCELERATOREVENTSERVICEKEEPALIVE
