<<<<<<<<<<<<<<<>>>>>>>>>>>>>>> MODULE DETAILS <<<<<<<<<<<<<<<>>>>>>>>>>>>>>>

ModuleName:         C:\PROGRA~2\YOUTUB~1\YouTubeAcceleratorService.exe
ProductName:        YouTube Accelerator
CompanyName:        GOOBZO
ProductVersion:     3.3.9.5
OriginalFilename:   
FileVersion:        3.3.9.5
FileDescription:    
<<<<<<<<<<<<<<<>>>>>>>>>>>>>>>                <<<<<<<<<<<<<<<>>>>>>>>>>>>>>>


<04/05/2014 16:52:55::477 0x1FE0> [CCommData::Broadcast] client and server address equal \\.\pipe\GOOBZO_VAPIPESERVERENG
<04/05/2014 16:52:55::477 0x1FE0> [CCommData::Broadcast] Client: \\.\pipe\GOOBZO_VAPIPESERVERENG, Event: Global\GOOBZO_STREAMACCELERATOREVENTSERVICEKEEPALIVE, code: 3
<04/05/2014 16:52:55::477 0x1FE0> [CCommData::Broadcast] Client: \\.\pipe\GOOBZO_VAPIPESERVERUI, Event: Global\GOOBZO_STREAMACCELERATOREVENTSERVICEKEEPALIVE, code: 3
<04/05/2014 16:53:00::478 0x1FE0> [CCommData::Broadcast] client and server address equal \\.\pipe\GOOBZO_VAPIPESERVERENG
<04/05/2014 16:53:00::478 0x1FE0> [CCommData::Broadcast] Client: \\.\pipe\GOOBZO_VAPIPESERVERENG, Event: Global\GOOBZO_STREAMACCELERATOREVENTSERVICEKEEPALIVE, code: 3
<04/05/2014 16:53:00::478 0x1FE0> [CCommData::Broadcast] Client: \\.\pipe\GOOBZO_VAPIPESERVERUI, Event: Global\GOOBZO_STREAMACCELERATOREVENTSERVICEKEEPALIVE, code: 3
<04/05/2014 16:53:05::486 0x1FE0> [CCommData::Broadcast] client and server address equal \\.\pipe\GOOBZO_VAPIPESERVERENG
<04/05/2014 16:53:05::486 0x1FE0> [CCommData::Broadcast] Client: \\.\pipe\GOOBZO_VAPIPESERVERENG, Event: Global\GOOBZO_STREAMACCELERATOREVENTSERVICEKEEPALIVE, code: 3
<04/05/2014 16:53:05::486 0x1FE0> [CCommData::Broadcast] Client: \\.\pipe\GOOBZO_VAPIPESERVERUI, Event: Global\GOOBZO_STREAMACCELERATOREVENTSERVICEKEEPALIVE, code: 3
<04/05/2014 16:53:10::495 0x1FE0> [CCommData::Broadcast] client and server address equal \\.\pipe\GOOBZO_VAPIPESERVERENG
<04/05/2014 16:53:10::495 0x1FE0> [CCommData::Broadcast] Client: \\.\pipe\GOOBZO_VAPIPESERVERENG, Event: Global\GOOBZO_STREAMACCELERATOREVENTSERVICEKEEPALIVE, code: 3
<04/05/2014 16:53:10::495 0x1FE0> [CCommData::Broadcast] Client: \\.\pipe\GOOBZO_VAPIPESERVERUI, Event: Global\GOOBZO_STREAMACCELERATOREVENTSERVICEKEEPALIVE, code: 3
<04/05/2014 16:53:15::503 0x1FE0> [CCommData::Broadcast] client and server address equal \\.\pipe\GOOBZO_VAPIPESERVERENG
<04/05/2014 16:53:15::503 0x1FE0> [CCommData::Broadcast] Client: \\.\pipe\GOOBZO_VAPIPESERVERENG, Event: Global\GOOBZO_STREAMACCELERATOREVENTSERVICEKEEPALIVE, code: 3
<04/05/2014 16:53:15::503 0x1FE0> [CCommData::Broadcast] Client: \\.\pipe\GOOBZO_VAPIPESERVERUI, Event: Global\GOOBZO_STREAMACCELERATOREVENTSERVICEKEEPALIVE, code: 3
<04/05/2014 16:53:20::511 0x1FE0> [CCommData::Broadcast] client and server address equal \\.\pipe\GOOBZO_VAPIPESERVERENG
<04/05/2014 16:53:20::511 0x1FE0> [CCommData::Broadcast] Client: \\.\pipe\GOOBZO_VAPIPESERVERENG, Event: Global\GOOBZO_STREAMACCELERATOREVENTSERVICEKEEPALIVE, code: 3
<04/05/2014 16:53:20::511 0x1FE0> [CCommData::Broadcast] Client: \\.\pipe\GOOBZO_VAPIPESERVERUI, Event: Global\GOOBZO_STREAMACCELERATOREVENTSERVICEKEEPALIVE, code: 3
<04/05/2014 16:53:25::519 0x1FE0> [CCommData::Broadcast] client and server address equal \\.\pipe\GOOBZO_VAPIPESERVERENG
<04/05/2014 16:53:25::519 0x1FE0> [CCommData::Broadcast] Client: \\.\pipe\GOOBZO_VAPIPESERVERENG, Event: Global\GOOBZO_STREAMACCELERATOREVENTSERVICEKEEPALIVE, code: 3
<04/05/2014 16:53:25::519 0x1FE0> [CCommData::Broadcast] Client: \\.\pipe\GOOBZO_VAPIPESERVERUI, Event: Global\GOOBZO_STREAMACCELERATOREVENTSERVICEKEEPALIVE, code: 3
<04/05/2014 16:53:30::530 0x1FE0> [CCommData::Broadcast] client and server address equal \\.\pipe\GOOBZO_VAPIPESERVERENG
<04/05/2014 16:53:30::530 0x1FE0> [CCommData::Broadcast] Client: \\.\pipe\GOOBZO_VAPIPESERVERENG, Event: Global\GOOBZO_STREAMACCELERATOREVENTSERVICEKEEPALIVE, code: 3
<04/05/2014 16:53:30::530 0x1FE0> [CCommData::Broadcast] Client: \\.\pipe\GOOBZO_VAPIPESERVERUI, Event: Global\GOOBZO_STREAMACCELERATOREVENTSERVICEKEEPALIVE, code: 3
<04/05/2014 16:53:35::538 0x1FE0> [CCommData::Broadcast] client and server address equal \\.\pipe\GOOBZO_VAPIPESERVERENG
<04/05/2014 16:53:35::538 0x1FE0> [CCommData::Broadcast] Client: \\.\pipe\GOOBZO_VAPIPESERVERENG, Event: Global\GOOBZO_STREAMACCELERATOREVENTSERVICEKEEPALIVE, code: 3
<04/05/2014 16:53:35::538 0x1FE0> [CCommData::Broadcast] Client: \\.\pipe\GOOBZO_VAPIPESERVERUI, Event: Global\GOOBZO_STREAMACCELERATOREVENTSERVICEKEEPALIVE, code: 3
<04/05/2014 16:53:40::546 0x1FE0> [CCommData::Broadcast] client and server address equal \\.\pipe\GOOBZO_VAPIPESERVERENG
<04/05/2014 16:53:40::546 0x1FE0> [CCommData::Broadcast] Client: \\.\pipe\GOOBZO_VAPIPESERVERENG, Event: Global\GOOBZO_STREAMACCELERATOREVENTSERVICEKEEPALIVE, code: 3
<04/05/2014 16:53:40::546 0x1FE0> [CCommData::Broadcast] Client: \\.\pipe\GOOBZO_VAPIPESERVERUI, Event: Global\GOOBZO_STREAMACCELERATOREVENTSERVICEKEEPALIVE, code: 3
<04/05/2014 16:53:45::547 0x1FE0> [CCommData::Broadcast] client and server address equal \\.\pipe\GOOBZO_VAPIPESERVERENG
<04/05/2014 16:53:45::547 0x1FE0> [CCommData::Broadcast] Client: \\.\pipe\GOOBZO_VAPIPESERVERENG, Event: Global\GOOBZO_STREAMACCELERATOREVENTSERVICEKEEPALIVE, code: 3
<04/05/2014 16:53:45::547 0x1FE0> [CCommData::Broadcast] Client: \\.\pipe\GOOBZO_VAPIPESERVERUI, Event: Global\GOOBZO_STREAMACCELERATOREVENTSERVICEKEEPALIVE, code: 3
<04/05/2014 16:53:50::555 0x1FE0> [CCommData::Broadcast] client and server address equal \\.\pipe\GOOBZO_VAPIPESERVERENG
<04/05/2014 16:53:50::556 0x1FE0> [CCommData::Broadcast] Client: \\.\pipe\GOOBZO_VAPIPESERVERENG, Event: Global\GOOBZO_STREAMACCELERATOREVENTSERVICEKEEPALIVE, code: 3
<04/05/2014 16:53:50::556 0x1FE0> [CCommData::Broadcast] Client: \\.\pipe\GOOBZO_VAPIPESERVERUI, Event: Global\GOOBZO_STREAMACCELERATOREVENTSERVICEKEEPALIVE, code: 3
<04/05/2014 16:53:55::564 0x1FE0> [CCommData::Broadcast] client and server address equal \\.\pipe\GOOBZO_VAPIPESERVERENG
<04/05/2014 16:53:55::564 0x1FE0> [CCommData::Broadcast] Client: \\.\pipe\GOOBZO_VAPIPESERVERENG, Event: Global\GOOBZO_STREAMACCELERATOREVENTSERVICEKEEPALIVE, code: 3
<04/05/2014 16:53:55::564 0x1FE0> [CCommData::Broadcast] Client: \\.\pipe\GOOBZO_VAPIPESERVERUI, Event: Global\GOOBZO_STREAMACCELERATOREVENTSERVICEKEEPALIVE, code: 3
<04/05/2014 16:54:00::572 0x1FE0> [CCommData::Broadcast] client and server address equal \\.\pipe\GOOBZO_VAPIPESERVERENG
<04/05/2014 16:54:00::604 0x1FE0> [CCommData::Broadcast] Client: \\.\pipe\GOOBZO_VAPIPESERVERENG, Event: Global\GOOBZO_STREAMACCELERATOREVENTSERVICEKEEPALIVE, code: 3
<04/05/2014 16:54:00::604 0x1FE0> [CCommData::Broadcast] Client: \\.\pipe\GOOBZO_VAPIPESERVERUI, Event: Global\GOOBZO_STREAMACCELERATOREVENTSERVICEKEEPALIVE, code: 3
<04/05/2014 16:54:05::583 0x1FE0> [CCommData::Broadcast] client and server address equal \\.\pipe\GOOBZO_VAPIPESERVERENG
<04/05/2014 16:54:05::583 0x1FE0> [CCommData::Broadcast] Client: \\.\pipe\GOOBZO_VAPIPESERVERENG, Event: Global\GOOBZO_STREAMACCELERATOREVENTSERVICEKEEPALIVE, code: 3
<04/05/2014 16:54:05::583 0x1FE0> [CCommData::Broadcast] Client: \\.\pipe\GOOBZO_VAPIPESERVERUI, Event: Global\GOOBZO_STREAMACCELERATOREVENTSERVICEKEEPALIVE, code: 3
<04/05/2014 16:54:10::593 0x1FE0> [CCommData::Broadcast] client and server address equal \\.\pipe\GOOBZO_VAPIPESERVERENG
<04/05/2014 16:54:10::593 0x1FE0> [CCommData::Broadcast] Client: \\.\pipe\GOOBZO_VAPIPESERVERENG, Event: Global\GOOBZO_STREAMACCELERATOREVENTSERVICEKEEPALIVE, code: 3
<04/05/2014 16:54:10::593 0x1FE0> [CCommData::Broadcast] Client: \\.\pipe\GOOBZO_VAPIPESERVERUI, Event: Global\GOOBZO_STREAMACCELERATOREVENTSERVICEKEEPALIVE, code: 3
<04/05/2014 16:54:15::627 0x1FE0> [CCommData::Broadcast] client and server address equal \\.\pipe\GOOBZO_VAPIPESERVERENG
<04/05/2014 16:54:15::627 0x1FE0> [CCommData::Broadcast] Client: \\.\pipe\GOOBZO_VAPIPESERVERENG, Event: Global\GOOBZO_STREAMACCELERATOREVENTSERVICEKEEPALIVE, code: 3
<04/05/2014 16:54:15::627 0x1FE0> [CCommData::Broadcast] Client: \\.\pipe\GOOBZO_VAPIPESERVERUI, Event: Global\GOOBZO_STREAMACCELERATOREVENTSERVICEKEEPALIVE, code: 3
<04/05/2014 16:54:20::636 0x1FE0> [CCommData::Broadcast] client and server address equal \\.\pipe\GOOBZO_VAPIPESERVERENG
<04/05/2014 16:54:20::636 0x1FE0> [CCommData::Broadcast] Client: \\.\pipe\GOOBZO_VAPIPESERVERENG, Event: Global\GOOBZO_STREAMACCELERATOREVENTSERVICEKEEPALIVE, code: 3
<04/05/2014 16:54:20::636 0x1FE0> [CCommData::Broadcast] Client: \\.\pipe\GOOBZO_VAPIPESERVERUI, Event: Global\GOOBZO_STREAMACCELERATOREVENTSERVICEKEEPALIVE, code: 3
<04/05/2014 16:54:25::644 0x1FE0> [CCommData::Broadcast] client and server address equal \\.\pipe\GOOBZO_VAPIPESERVERENG
<04/05/2014 16:54:25::644 0x1FE0> [CCommData::Broadcast] Client: \\.\pipe\GOOBZO_VAPIPESERVERENG, Event: Global\GOOBZO_STREAMACCELERATOREVENTSERVICEKEEPALIVE, code: 3
<04/05/2014 16:54:25::644 0x1FE0> [CCommData::Broadcast] Client: \\.\pipe\GOOBZO_VAPIPESERVERUI, Event: Global\GOOBZO_STREAMACCELERATOREVENTSERVICEKEEPALIVE, code: 3
<04/05/2014 16:54:30::794 0x1FE0> [CCommData::Broadcast] client and server address equal \\.\pipe\GOOBZO_VAPIPESERVERENG
<04/05/2014 16:54:30::794 0x1FE0> [CCommData::Broadcast] Client: \\.\pipe\GOOBZO_VAPIPESERVERENG, Event: Global\GOOBZO_STREAMACCELERATOREVENTSERVICEKEEPALIVE, code: 3
<04/05/2014 16:54:30::794 0x1FE0> [CCommData::Broadcast] Client: \\.\pipe\GOOBZO_VAPIPESERVERUI, Event: Global\GOOBZO_STREAMACCELERATOREVENTSERVICEKEEPALIVE, code: 3
<04/05/2014 16:54:35::799 0x1FE0> [CCommData::Broadcast] client and server address equal \\.\pipe\GOOBZO_VAPIPESERVERENG
<04/05/2014 16:54:35::799 0x1FE0> [CCommData::Broadcast] Client: \\.\pipe\GOOBZO_VAPIPESERVERENG, Event: Global\GOOBZO_STREAMACCELERATOREVENTSERVICEKEEPALIVE, code: 3
<04/05/2014 16:54:35::799 0x1FE0> [CCommData::Broadcast] Client: \\.\pipe\GOOBZO_VAPIPESERVERUI, Event: Global\GOOBZO_STREAMACCELERATOREVENTSERVICEKEEPALIVE, code: 3
<04/05/2014 16:54:40::807 0x1FE0> [CCommData::Broadcast] client and server address equal \\.\pipe\GOOBZO_VAPIPESERVERENG
<04/05/2014 16:54:40::808 0x1FE0> [CCommData::Broadcast] Client: \\.\pipe\GOOBZO_VAPIPESERVERENG, Event: Global\GOOBZO_STREAMACCELERATOREVENTSERVICEKEEPALIVE, code: 3
<04/05/2014 16:54:40::809 0x1FE0> [CCommData::Broadcast] Client: \\.\pipe\GOOBZO_VAPIPESERVERUI, Event: Global\GOOBZO_STREAMACCELERATOREVENTSERVICEKEEPALIVE, code: 3
<04/05/2014 16:54:40::813 0x9E8> [CEventThreadManager::OnData] Event Alert: Global\GOOBZO_INSTALLLSP
<04/05/2014 16:54:45::817 0x1FE0> [CCommData::Broadcast] client and server address equal \\.\pipe\GOOBZO_VAPIPESERVERENG
<04/05/2014 16:54:45::817 0x1FE0> [CCommData::Broadcast] Client: \\.\pipe\GOOBZO_VAPIPESERVERENG, Event: Global\GOOBZO_STREAMACCELERATOREVENTSERVICEKEEPALIVE, code: 3
<04/05/2014 16:54:45::817 0x1FE0> [CCommData::Broadcast] Client: \\.\pipe\GOOBZO_VAPIPESERVERUI, Event: Global\GOOBZO_STREAMACCELERATOREVENTSERVICEKEEPALIVE, code: 3
<04/05/2014 16:54:49::439 0x1FE0> [CCommData::Broadcast] client and server address equal \\.\pipe\GOOBZO_VAPIPESERVERENG
<04/05/2014 16:54:49::440 0x1FE0> [CCommData::Broadcast] Client: \\.\pipe\GOOBZO_VAPIPESERVERENG, Event: Global\GOOBZO_INSTALLLSPFAILED, code: 3
<04/05/2014 16:54:49::440 0x1FE0> [CCommData::Broadcast] Client: \\.\pipe\GOOBZO_VAPIPESERVERUI, Event: Global\GOOBZO_INSTALLLSPFAILED, code: 3
<04/05/2014 16:54:51::042 0x1FE0> [CCommData::Broadcast] client and server address equal \\.\pipe\GOOBZO_VAPIPESERVERENG
<04/05/2014 16:54:51::042 0x1FE0> [CCommData::Broadcast] Client: \\.\pipe\GOOBZO_VAPIPESERVERENG, Event: Global\GOOBZO_STREAMACCELERATOREVENTSERVICEKEEPALIVE, code: 3
<04/05/2014 16:54:51::042 0x1FE0> [CCommData::Broadcast] Client: \\.\pipe\GOOBZO_VAPIPESERVERUI, Event: Global\GOOBZO_STREAMACCELERATOREVENTSERVICEKEEPALIVE, code: 3
<04/05/2014 16:54:56::051 0x1FE0> [CCommData::Broadcast] client and server address equal \\.\pipe\GOOBZO_VAPIPESERVERENG
<04/05/2014 16:54:56::051 0x1FE0> [CCommData::Broadcast] Client: \\.\pipe\GOOBZO_VAPIPESERVERENG, Event: Global\GOOBZO_STREAMACCELERATOREVENTSERVICEKEEPALIVE, code: 3
<04/05/2014 16:54:56::051 0x1FE0> [CCommData::Broadcast] Client: \\.\pipe\GOOBZO_VAPIPESERVERUI, Event: Global\GOOBZO_STREAMACCELERATOREVENTSERVICEKEEPALIVE, code: 3
<04/05/2014 16:55:01::139 0x1FE0> [CCommData::Broadcast] client and server address equal \\.\pipe\GOOBZO_VAPIPESERVERENG
<04/05/2014 16:55:01::140 0x1FE0> [CCommData::Broadcast] Client: \\.\pipe\GOOBZO_VAPIPESERVERENG, Event: Global\GOOBZO_STREAMACCELERATOREVENTSERVICEKEEPALIVE, code: 3
<04/05/2014 16:55:01::140 0x1FE0> [CCommData::Broadcast] Client: \\.\pipe\GOOBZO_VAPIPESERVERUI, Event: Global\GOOBZO_STREAMACCELERATOREVENTSERVICEKEEPALIVE, code: 3
<04/05/2014 16:55:06::188 0x1FE0> [CCommData::Broadcast] client and server address equal \\.\pipe\GOOBZO_VAPIPESERVERENG
<04/05/2014 16:55:06::189 0x1FE0> [CCommData::Broadcast] Client: \\.\pipe\GOOBZO_VAPIPESERVERENG, Event: Global\GOOBZO_STREAMACCELERATOREVENTSERVICEKEEPALIVE, code: 3
<04/05/2014 16:55:06::189 0x1FE0> [CCommData::Broadcast] Client: \\.\pipe\GOOBZO_VAPIPESERVERUI, Event: Global\GOOBZO_STREAMACCELERATOREVENTSERVICEKEEPALIVE, code: 3
<04/05/2014 16:55:11::201 0x1FE0> [CCommData::Broadcast] client and server address equal \\.\pipe\GOOBZO_VAPIPESERVERENG
<04/05/2014 16:55:11::201 0x1FE0> [CCommData::Broadcast] Client: \\.\pipe\GOOBZO_VAPIPESERVERENG, Event: Global\GOOBZO_STREAMACCELERATOREVENTSERVICEKEEPALIVE, code: 3
<04/05/2014 16:55:11::202 0x1FE0> [CCommData::Broadcast] Client: \\.\pipe\GOOBZO_VAPIPESERVERUI, Event: Global\GOOBZO_STREAMACCELERATOREVENTSERVICEKEEPALIVE, code: 3
<04/05/2014 16:55:16::202 0x1FE0> [CCommData::Broadcast] client and server address equal \\.\pipe\GOOBZO_VAPIPESERVERENG
<04/05/2014 16:55:16::202 0x1FE0> [CCommData::Broadcast] Client: \\.\pipe\GOOBZO_VAPIPESERVERENG, Event: Global\GOOBZO_STREAMACCELERATOREVENTSERVICEKEEPALIVE, code: 3
<04/05/2014 16:55:16::202 0x1FE0> [CCommData::Broadcast] Client: \\.\pipe\GOOBZO_VAPIPESERVERUI, Event: Global\GOOBZO_STREAMACCELERATOREVENTSERVICEKEEPALIVE, code: 3
<04/05/2014 16:55:21::212 0x1FE0> [CCommData::Broadcast] client and server address equal \\.\pipe\GOOBZO_VAPIPESERVERENG
<04/05/2014 16:55:21::212 0x1FE0> [CCommData::Broadcast] Client: \\.\pipe\GOOBZO_VAPIPESERVERENG, Event: Global\GOOBZO_STREAMACCELERATOREVENTSERVICEKEEPALIVE, code: 3
<04/05/2014 16:55:21::212 0x1FE0> [CCommData::Broadcast] Client: \\.\pipe\GOOBZO_VAPIPESERVERUI, Event: Global\GOOBZO_STREAMACCELERATOREVENTSERVICEKEEPALIVE, code: 3
<04/05/2014 16:55:26::290 0x1FE0> [CCommData::Broadcast] client and server address equal \\.\pipe\GOOBZO_VAPIPESERVERENG
<04/05/2014 16:55:26::290 0x1FE0> [CCommData::Broadcast] Client: \\.\pipe\GOOBZO_VAPIPESERVERENG, Event: Global\GOOBZO_STREAMACCELERATOREVENTSERVICEKEEPALIVE, code: 3
<04/05/2014 16:55:26::290 0x1FE0> [CCommData::Broadcast] Client: \\.\pipe\GOOBZO_VAPIPESERVERUI, Event: Global\GOOBZO_STREAMACCELERATOREVENTSERVICEKEEPALIVE, code: 3
<04/05/2014 16:55:31::292 0x1FE0> [CCommData::Broadcast] client and server address equal \\.\pipe\GOOBZO_VAPIPESERVERENG
<04/05/2014 16:55:31::292 0x1FE0> [CCommData::Broadcast] Client: \\.\pipe\GOOBZO_VAPIPESERVERENG, Event: Global\GOOBZO_STREAMACCELERATOREVENTSERVICEKEEPALIVE, code: 3
<04/05/2014 16:55:31::292 0x1FE0> [CCommData::Broadcast] Client: \\.\pipe\GOOBZO_VAPIPESERVERUI, Event: Global\GOOBZO_STREAMACCELERATOREVENTSERVICEKEEPALIVE, code: 3
<04/05/2014 16:55:36::293 0x1FE0> [CCommData::Broadcast] client and server address equal \\.\pipe\GOOBZO_VAPIPESERVERENG
<04/05/2014 16:55:36::293 0x1FE0> [CCommData::Broadcast] Client: \\.\pipe\GOOBZO_VAPIPESERVERENG, Event: Global\GOOBZO_STREAMACCELERATOREVENTSERVICEKEEPALIVE, code: 3
<04/05/2014 16:55:36::293 0x1FE0> [CCommData::Broadcast] Client: \\.\pipe\GOOBZO_VAPIPESERVERUI, Event: Global\GOOBZO_STREAMACCELERATOREVENTSERVICEKEEPALIVE, code: 3
<04/05/2014 16:55:41::301 0x1FE0> [CCommData::Broadcast] client and server address equal \\.\pipe\GOOBZO_VAPIPESERVERENG
<04/05/2014 16:55:41::302 0x1FE0> [CCommData::Broadcast] Client: \\.\pipe\GOOBZO_VAPIPESERVERENG, Event: Global\GOOBZO_STREAMACCELERATOREVENTSERVICEKEEPALIVE, code: 3
<04/05/2014 16:55:41::303 0x1FE0> [CCommData::Broadcast] Client: \\.\pipe\GOOBZO_VAPIPESERVERUI, Event: Global\GOOBZO_STREAMACCELERATOREVENTSERVICEKEEPALIVE, code: 3
<04/05/2014 16:55:46::314 0x1FE0> [CCommData::Broadcast] client and server address equal \\.\pipe\GOOBZO_VAPIPESERVERENG
<04/05/2014 16:55:46::314 0x1FE0> [CCommData::Broadcast] Client: \\.\pipe\GOOBZO_VAPIPESERVERENG, Event: Global\GOOBZO_STREAMACCELERATOREVENTSERVICEKEEPALIVE, code: 3
<04/05/2014 16:55:46::314 0x1FE0> [CCommData::Broadcast] Client: \\.\pipe\GOOBZO_VAPIPESERVERUI, Event: Global\GOOBZO_STREAMACCELERATOREVENTSERVICEKEEPALIVE, code: 3
<04/05/2014 16:55:51::322 0x1FE0> [CCommData::Broadcast] client and server address equal \\.\pipe\GOOBZO_VAPIPESERVERENG
<04/05/2014 16:55:51::322 0x1FE0> [CCommData::Broadcast] Client: \\.\pipe\GOOBZO_VAPIPESERVERENG, Event: Global\GOOBZO_STREAMACCELERATOREVENTSERVICEKEEPALIVE, code: 3
<04/05/2014 16:55:51::322 0x1FE0> [CCommData::Broadcast] Client: \\.\pipe\GOOBZO_VAPIPESERVERUI, Event: Global\GOOBZO_STREAMACCELERATOREVENTSERVICEKEEPALIVE, code: 3
<04/05/2014 16:55:56::322 0x1FE0> [CCommData::Broadcast] client and server address equal \\.\pipe\GOOBZO_VAPIPESERVERENG
<04/05/2014 16:55:56::322 0x1FE0> [CCommData::Broadcast] Client: \\.\pipe\GOOBZO_VAPIPESERVERENG, Event: Global\GOOBZO_STREAMACCELERATOREVENTSERVICEKEEPALIVE, code: 3
<04/05/2014 16:55:56::322 0x1FE0> [CCommData::Broadcast] Client: \\.\pipe\GOOBZO_VAPIPESERVERUI, Event: Global\GOOBZO_STREAMACCELERATOREVENTSERVICEKEEPALIVE, code: 3
<04/05/2014 16:56:01::330 0x1FE0> [CCommData::Broadcast] client and server address equal \\.\pipe\GOOBZO_VAPIPESERVERENG
<04/05/2014 16:56:01::330 0x1FE0> [CCommData::Broadcast] Client: \\.\pipe\GOOBZO_VAPIPESERVERENG, Event: Global\GOOBZO_STREAMACCELERATOREVENTSERVICEKEEPALIVE, code: 3
<04/05/2014 16:56:01::330 0x1FE0> [CCommData::Broadcast] Client: \\.\pipe\GOOBZO_VAPIPESERVERUI, Event: Global\GOOBZO_STREAMACCELERATOREVENTSERVICEKEEPALIVE, code: 3
<04/05/2014 16:56:06::339 0x1FE0> [CCommData::Broadcast] client and server address equal \\.\pipe\GOOBZO_VAPIPESERVERENG
<04/05/2014 16:56:06::339 0x1FE0> [CCommData::Broadcast] Client: \\.\pipe\GOOBZO_VAPIPESERVERENG, Event: Global\GOOBZO_STREAMACCELERATOREVENTSERVICEKEEPALIVE, code: 3
<04/05/2014 16:56:06::339 0x1FE0> [CCommData::Broadcast] Client: \\.\pipe\GOOBZO_VAPIPESERVERUI, Event: Global\GOOBZO_STREAMACCELERATOREVENTSERVICEKEEPALIVE, code: 3
<04/05/2014 16:56:11::347 0x1FE0> [CCommData::Broadcast] client and server address equal \\.\pipe\GOOBZO_VAPIPESERVERENG
<04/05/2014 16:56:11::347 0x1FE0> [CCommData::Broadcast] Client: \\.\pipe\GOOBZO_VAPIPESERVERENG, Event: Global\GOOBZO_STREAMACCELERATOREVENTSERVICEKEEPALIVE, code: 3
<04/05/2014 16:56:11::347 0x1FE0> [CCommData::Broadcast] Client: \\.\pipe\GOOBZO_VAPIPESERVERUI, Event: Global\GOOBZO_STREAMACCELERATOREVENTSERVICEKEEPALIVE, code: 3
<04/05/2014 16:56:16::355 0x1FE0> [CCommData::Broadcast] client and server address equal \\.\pipe\GOOBZO_VAPIPESERVERENG
<04/05/2014 16:56:16::355 0x1FE0> [CCommData::Broadcast] Client: \\.\pipe\GOOBZO_VAPIPESERVERENG, Event: Global\GOOBZO_STREAMACCELERATOREVENTSERVICEKEEPALIVE, code: 3
<04/05/2014 16:56:16::355 0x1FE0> [CCommData::Broadcast] Client: \\.\pipe\GOOBZO_VAPIPESERVERUI, Event: Global\GOOBZO_STREAMACCELERATOREVENTSERVICEKEEPALIVE, code: 3
<04/05/2014 16:56:21::364 0x1FE0> [CCommData::Broadcast] client and server address equal \\.\pipe\GOOBZO_VAPIPESERVERENG
<04/05/2014 16:56:21::364 0x1FE0> [CCommData::Broadcast] Client: \\.\pipe\GOOBZO_VAPIPESERVERENG, Event: Global\GOOBZO_STREAMACCELERATOREVENTSERVICEKEEPALIVE, code: 3
<04/05/2014 16:56:21::364 0x1FE0> [CCommData::Broadcast] Client: \\.\pipe\GOOBZO_VAPIPESERVERUI, Event: Global\GOOBZO_STREAMACCELERATOREVENTSERVICEKEEPALIVE, code: 3
<04/05/2014 16:56:26::372 0x1FE0> [CCommData::Broadcast] client and server address equal \\.\pipe\GOOBZO_VAPIPESERVERENG
<04/05/2014 16:56:26::372 0x1FE0> [CCommData::Broadcast] Client: \\.\pipe\GOOBZO_VAPIPESERVERENG, Event: Global\GOOBZO_STREAMACCELERATOREVENTSERVICEKEEPALIVE, code: 3
<04/05/2014 16:56:26::372 0x1FE0> [CCommData::Broadcast] Client: \\.\pipe\GOOBZO_VAPIPESERVERUI, Event: Global\GOOBZO_STREAMACCELERATOREVENTSERVICEKEEPALIVE, code: 3
<04/05/2014 16:56:31::377 0x1FE0> [CCommData::Broadcast] client and server address equal \\.\pipe\GOOBZO_VAPIPESERVERENG
<04/05/2014 16:56:31::377 0x1FE0> [CCommData::Broadcast] Client: \\.\pipe\GOOBZO_VAPIPESERVERENG, Event: Global\GOOBZO_STREAMACCELERATOREVENTSERVICEKEEPALIVE, code: 3
<04/05/2014 16:56:31::377 0x1FE0> [CCommData::Broadcast] Client: \\.\pipe\GOOBZO_VAPIPESERVERUI, Event: Global\GOOBZO_STREAMACCELERATOREVENTSERVICEKEEPALIVE, code: 3
<04/05/2014 16:56:36::386 0x1FE0> [CCommData::Broadcast] client and server address equal \\.\pipe\GOOBZO_VAPIPESERVERENG
<04/05/2014 16:56:36::386 0x1FE0> [CCommData::Broadcast] Client: \\.\pipe\GOOBZO_VAPIPESERVERENG, Event: Global\GOOBZO_STREAMACCELERATOREVENTSERVICEKEEPALIVE, code: 3
<04/05/2014 16:56:36::386 0x1FE0> [CCommData::Broadcast] Client: \\.\pipe\GOOBZO_VAPIPESERVERUI, Event: Global\GOOBZO_STREAMACCELERATOREVENTSERVICEKEEPALIVE, code: 3
<04/05/2014 16:56:41::410 0x1FE0> [CCommData::Broadcast] client and server address equal \\.\pipe\GOOBZO_VAPIPESERVERENG
<04/05/2014 16:56:41::411 0x1FE0> [CCommData::Broadcast] Client: \\.\pipe\GOOBZO_VAPIPESERVERENG, Event: Global\GOOBZO_STREAMACCELERATOREVENTSERVICEKEEPALIVE, code: 3
<04/05/2014 16:56:41::411 0x1FE0> [CCommData::Broadcast] Client: \\.\pipe\GOOBZO_VAPIPESERVERUI, Event: Global\GOOBZO_STREAMACCELERATOREVENTSERVICEKEEPALIVE, code: 3
<04/05/2014 16:56:42::526 0x9E8> [CEventThreadManager::OnData] Event Alert: Global\GOOBZO_SALOADSERVICEMODULRSEVENT
<04/05/2014 16:56:42::952 0x1FE0> [CCommData::Broadcast] client and server address equal \\.\pipe\GOOBZO_VAPIPESERVERENG
<04/05/2014 16:56:42::952 0x1FE0> [CCommData::Broadcast] Client: \\.\pipe\GOOBZO_VAPIPESERVERENG, Event: Global\GOOBZO_TESTSERVICESUCCEEDED, code: 3
<04/05/2014 16:56:42::952 0x1FE0> [CCommData::Broadcast] Client: \\.\pipe\GOOBZO_VAPIPESERVERUI, Event: Global\GOOBZO_TESTSERVICESUCCEEDED, code: 3
<04/05/2014 16:56:46::417 0x1FE0> [CCommData::Broadcast] client and server address equal \\.\pipe\GOOBZO_VAPIPESERVERENG
<04/05/2014 16:56:46::417 0x1FE0> [CCommData::Broadcast] Client: \\.\pipe\GOOBZO_VAPIPESERVERENG, Event: Global\GOOBZO_STREAMACCELERATOREVENTSERVICEKEEPALIVE, code: 3
<04/05/2014 16:56:46::417 0x1FE0> [CCommData::Broadcast] Client: \\.\pipe\GOOBZO_VAPIPESERVERUI, Event: Global\GOOBZO_STREAMACCELERATOREVENTSERVICEKEEPALIVE, code: 3
<04/05/2014 16:56:51::425 0x1FE0> [CCommData::Broadcast] client and server address equal \\.\pipe\GOOBZO_VAPIPESERVERENG
<04/05/2014 16:56:51::425 0x1FE0> [CCommData::Broadcast] Client: \\.\pipe\GOOBZO_VAPIPESERVERENG, Event: Global\GOOBZO_STREAMACCELERATOREVENTSERVICEKEEPALIVE, code: 3
<04/05/2014 16:56:51::425 0x1FE0> [CCommData::Broadcast] Client: \\.\pipe\GOOBZO_VAPIPESERVERUI, Event: Global\GOOBZO_STREAMACCELERATOREVENTSERVICEKEEPALIVE, code: 3
<04/05/2014 16:56:56::434 0x1FE0> [CCommData::Broadcast] client and server address equal \\.\pipe\GOOBZO_VAPIPESERVERENG
<04/05/2014 16:56:56::434 0x1FE0> [CCommData::Broadcast] Client: \\.\pipe\GOOBZO_VAPIPESERVERENG, Event: Global\GOOBZO_STREAMACCELERATOREVENTSERVICEKEEPALIVE, code: 3
<04/05/2014 16:56:56::434 0x1FE0> [CCommData::Broadcast] Client: \\.\pipe\GOOBZO_VAPIPESERVERUI, Event: Global\GOOBZO_STREAMACCELERATOREVENTSERVICEKEEPALIVE, code: 3
<04/05/2014 16:57:01::442 0x1FE0> [CCommData::Broadcast] client and server address equal \\.\pipe\GOOBZO_VAPIPESERVERENG
<04/05/2014 16:57:01::442 0x1FE0> [CCommData::Broadcast] Client: \\.\pipe\GOOBZO_VAPIPESERVERENG, Event: Global\GOOBZO_STREAMACCELERATOREVENTSERVICEKEEPALIVE, code: 3
<04/05/2014 16:57:01::442 0x1FE0> [CCommData::Broadcast] Client: \\.\pipe\GOOBZO_VAPIPESERVERUI, Event: Global\GOOBZO_STREAMACCELERATOREVENTSERVICEKEEPALIVE, code: 3
<04/05/2014 16:57:06::452 0x1FE0> [CCommData::Broadcast] client and server address equal \\.\pipe\GOOBZO_VAPIPESERVERENG
<04/05/2014 16:57:06::452 0x1FE0> [CCommData::Broadcast] Client: \\.\pipe\GOOBZO_VAPIPESERVERENG, Event: Global\GOOBZO_STREAMACCELERATOREVENTSERVICEKEEPALIVE, code: 3
<04/05/2014 16:57:06::452 0x1FE0> [CCommData::Broadcast] Client: \\.\pipe\GOOBZO_VAPIPESERVERUI, Event: Global\GOOBZO_STREAMACCELERATOREVENTSERVICEKEEPALIVE, code: 3
<04/05/2014 16:57:11::456 0x1FE0> [CCommData::Broadcast] client and server address equal \\.\pipe\GOOBZO_VAPIPESERVERENG
<04/05/2014 16:57:11::459 0x1FE0> [CCommData::Broadcast] Client: \\.\pipe\GOOBZO_VAPIPESERVERENG, Event: Global\GOOBZO_STREAMACCELERATOREVENTSERVICEKEEPALIVE, code: 3
<04/05/2014 16:57:11::460 0x1FE0> [CCommData::Broadcast] Client: \\.\pipe\GOOBZO_VAPIPESERVERUI, Event: Global\GOOBZO_STREAMACCELERATOREVENTSERVICEKEEPALIVE, code: 3
<04/05/2014 16:57:16::470 0x1FE0> [CCommData::Broadcast] client and server address equal \\.\pipe\GOOBZO_VAPIPESERVERENG
<04/05/2014 16:57:16::470 0x1FE0> [CCommData::Broadcast] Client: \\.\pipe\GOOBZO_VAPIPESERVERENG, Event: Global\GOOBZO_STREAMACCELERATOREVENTSERVICEKEEPALIVE, code: 3
<04/05/2014 16:57:16::470 0x1FE0> [CCommData::Broadcast] Client: \\.\pipe\GOOBZO_VAPIPESERVERUI, Event: Global\GOOBZO_STREAMACCELERATOREVENTSERVICEKEEPALIVE, code: 3
<04/05/2014 16:57:21::569 0x1FE0> [CCommData::Broadcast] client and server address equal \\.\pipe\GOOBZO_VAPIPESERVERENG
<04/05/2014 16:57:21::569 0x1FE0> [CCommData::Broadcast] Client: \\.\pipe\GOOBZO_VAPIPESERVERENG, Event: Global\GOOBZO_STREAMACCELERATOREVENTSERVICEKEEPALIVE, code: 3
<04/05/2014 16:57:21::569 0x1FE0> [CCommData::Broadcast] Client: \\.\pipe\GOOBZO_VAPIPESERVERUI, Event: Global\GOOBZO_STREAMACCELERATOREVENTSERVICEKEEPALIVE, code: 3
<04/05/2014 16:57:26::595 0x1FE0> [CCommData::Broadcast] client and server address equal \\.\pipe\GOOBZO_VAPIPESERVERENG
<04/05/2014 16:57:26::595 0x1FE0> [CCommData::Broadcast] Client: \\.\pipe\GOOBZO_VAPIPESERVERENG, Event: Global\GOOBZO_STREAMACCELERATOREVENTSERVICEKEEPALIVE, code: 3
<04/05/2014 16:57:26::595 0x1FE0> [CCommData::Broadcast] Client: \\.\pipe\GOOBZO_VAPIPESERVERUI, Event: Global\GOOBZO_STREAMACCELERATOREVENTSERVICEKEEPALIVE, code: 3
<04/05/2014 16:57:31::622 0x1FE0> [CCommData::Broadcast] client and server address equal \\.\pipe\GOOBZO_VAPIPESERVERENG
<04/05/2014 16:57:31::622 0x1FE0> [CCommData::Broadcast] Client: \\.\pipe\GOOBZO_VAPIPESERVERENG, Event: Global\GOOBZO_STREAMACCELERATOREVENTSERVICEKEEPALIVE, code: 3
<04/05/2014 16:57:31::622 0x1FE0> [CCommData::Broadcast] Client: \\.\pipe\GOOBZO_VAPIPESERVERUI, Event: Global\GOOBZO_STREAMACCELERATOREVENTSERVICEKEEPALIVE, code: 3
<04/05/2014 16:57:36::656 0x1FE0> [CCommData::Broadcast] client and server address equal \\.\pipe\GOOBZO_VAPIPESERVERENG
<04/05/2014 16:57:36::656 0x1FE0> [CCommData::Broadcast] Client: \\.\pipe\GOOBZO_VAPIPESERVERENG, Event: Global\GOOBZO_STREAMACCELERATOREVENTSERVICEKEEPALIVE, code: 3
<04/05/2014 16:57:36::656 0x1FE0> [CCommData::Broadcast] Client: \\.\pipe\GOOBZO_VAPIPESERVERUI, Event: Global\GOOBZO_STREAMACCELERATOREVENTSERVICEKEEPALIVE, code: 3
<04/05/2014 16:57:41::660 0x1FE0> [CCommData::Broadcast] client and server address equal \\.\pipe\GOOBZO_VAPIPESERVERENG
<04/05/2014 16:57:41::660 0x1FE0> [CCommData::Broadcast] Client: \\.\pipe\GOOBZO_VAPIPESERVERENG, Event: Global\GOOBZO_STREAMACCELERATOREVENTSERVICEKEEPALIVE, code: 3
<04/05/2014 16:57:41::660 0x1FE0> [CCommData::Broadcast] Client: \\.\pipe\GOOBZO_VAPIPESERVERUI, Event: Global\GOOBZO_STREAMACCELERATOREVENTSERVICEKEEPALIVE, code: 3
<04/05/2014 16:57:46::678 0x1FE0> [CCommData::Broadcast] client and server address equal \\.\pipe\GOOBZO_VAPIPESERVERENG
<04/05/2014 16:57:46::678 0x1FE0> [CCommData::Broadcast] Client: \\.\pipe\GOOBZO_VAPIPESERVERENG, Event: Global\GOOBZO_STREAMACCELERATOREVENTSERVICEKEEPALIVE, code: 3
<04/05/2014 16:57:46::678 0x1FE0> [CCommData::Broadcast] Client: \\.\pipe\GOOBZO_VAPIPESERVERUI, Event: Global\GOOBZO_STREAMACCELERATOREVENTSERVICEKEEPALIVE, code: 3
<04/05/2014 16:57:51::716 0x1FE0> [CCommData::Broadcast] client and server address equal \\.\pipe\GOOBZO_VAPIPESERVERENG
<04/05/2014 16:57:51::716 0x1FE0> [CCommData::Broadcast] Client: \\.\pipe\GOOBZO_VAPIPESERVERENG, Event: Global\GOOBZO_STREAMACCELERATOREVENTSERVICEKEEPALIVE, code: 3
<04/05/2014 16:57:51::716 0x1FE0> [CCommData::Broadcast] Client: \\.\pipe\GOOBZO_VAPIPESERVERUI, Event: Global\GOOBZO_STREAMACCELERATOREVENTSERVICEKEEPALIVE, code: 3
<04/05/2014 16:57:56::723 0x1FE0> [CCommData::Broadcast] client and server address equal \\.\pipe\GOOBZO_VAPIPESERVERENG
<04/05/2014 16:57:56::723 0x1FE0> [CCommData::Broadcast] Client: \\.\pipe\GOOBZO_VAPIPESERVERENG, Event: Global\GOOBZO_STREAMACCELERATOREVENTSERVICEKEEPALIVE, code: 3
<04/05/2014 16:57:56::723 0x1FE0> [CCommData::Broadcast] Client: \\.\pipe\GOOBZO_VAPIPESERVERUI, Event: Global\GOOBZO_STREAMACCELERATOREVENTSERVICEKEEPALIVE, code: 3
<04/05/2014 16:58:01::773 0x1FE0> [CCommData::Broadcast] client and server address equal \\.\pipe\GOOBZO_VAPIPESERVERENG
<04/05/2014 16:58:01::773 0x1FE0> [CCommData::Broadcast] Client: \\.\pipe\GOOBZO_VAPIPESERVERENG, Event: Global\GOOBZO_STREAMACCELERATOREVENTSERVICEKEEPALIVE, code: 3
<04/05/2014 16:58:01::773 0x1FE0> [CCommData::Broadcast] Client: \\.\pipe\GOOBZO_VAPIPESERVERUI, Event: Global\GOOBZO_STREAMACCELERATOREVENTSERVICEKEEPALIVE, code: 3
<04/05/2014 16:58:06::813 0x1FE0> [CCommData::Broadcast] client and server address equal \\.\pipe\GOOBZO_VAPIPESERVERENG
<04/05/2014 16:58:06::813 0x1FE0> [CCommData::Broadcast] Client: \\.\pipe\GOOBZO_VAPIPESERVERENG, Event: Global\GOOBZO_STREAMACCELERATOREVENTSERVICEKEEPALIVE, code: 3
<04/05/2014 16:58:06::813 0x1FE0> [CCommData::Broadcast] Client: \\.\pipe\GOOBZO_VAPIPESERVERUI, Event: Global\GOOBZO_STREAMACCELERATOREVENTSERVICEKEEPALIVE, code: 3
<04/05/2014 16:58:11::813 0x1FE0> [CCommData::Broadcast] client and server address equal \\.\pipe\GOOBZO_VAPIPESERVERENG
<04/05/2014 16:58:11::813 0x1FE0> [CCommData::Broadcast] Client: \\.\pipe\GOOBZO_VAPIPESERVERENG, Event: Global\GOOBZO_STREAMACCELERATOREVENTSERVICEKEEPALIVE, code: 3
<04/05/2014 16:58:11::813 0x1FE0> [CCommData::Broadcast] Client: \\.\pipe\GOOBZO_VAPIPESERVERUI, Event: Global\GOOBZO_STREAMACCELERATOREVENTSERVICEKEEPALIVE, code: 3
<04/05/2014 16:58:16::859 0x1FE0> [CCommData::Broadcast] client and server address equal \\.\pipe\GOOBZO_VAPIPESERVERENG
<04/05/2014 16:58:16::859 0x1FE0> [CCommData::Broadcast] Client: \\.\pipe\GOOBZO_VAPIPESERVERENG, Event: Global\GOOBZO_STREAMACCELERATOREVENTSERVICEKEEPALIVE, code: 3
<04/05/2014 16:58:16::860 0x1FE0> [CCommData::Broadcast] Client: \\.\pipe\GOOBZO_VAPIPESERVERUI, Event: Global\GOOBZO_STREAMACCELERATOREVENTSERVICEKEEPALIVE, code: 3
<04/05/2014 16:58:21::874 0x1FE0> [CCommData::Broadcast] client and server address equal \\.\pipe\GOOBZO_VAPIPESERVERENG
<04/05/2014 16:58:21::874 0x1FE0> [CCommData::Broadcast] Client: \\.\pipe\GOOBZO_VAPIPESERVERENG, Event: Global\GOOBZO_STREAMACCELERATOREVENTSERVICEKEEPALIVE, code: 3
<04/05/2014 16:58:21::874 0x1FE0> [CCommData::Broadcast] Client: \\.\pipe\GOOBZO_VAPIPESERVERUI, Event: Global\GOOBZO_STREAMACCELERATOREVENTSERVICEKEEPALIVE, code: 3
<04/05/2014 16:58:26::885 0x1FE0> [CCommData::Broadcast] client and server address equal \\.\pipe\GOOBZO_VAPIPESERVERENG
<04/05/2014 16:58:26::885 0x1FE0> [CCommData::Broadcast] Client: \\.\pipe\GOOBZO_VAPIPESERVERENG, Event: Global\GOOBZO_STREAMACCELERATOREVENTSERVICEKEEPALIVE, code: 3
<04/05/2014 16:58:26::886 0x1FE0> [CCommData::Broadcast] Client: \\.\pipe\GOOBZO_VAPIPESERVERUI, Event: Global\GOOBZO_STREAMACCELERATOREVENTSERVICEKEEPALIVE, code: 3
<04/05/2014 16:58:31::895 0x1FE0> [CCommData::Broadcast] client and server address equal \\.\pipe\GOOBZO_VAPIPESERVERENG
<04/05/2014 16:58:31::895 0x1FE0> [CCommData::Broadcast] Client: \\.\pipe\GOOBZO_VAPIPESERVERENG, Event: Global\GOOBZO_STREAMACCELERATOREVENTSERVICEKEEPALIVE, code: 3
<04/05/2014 16:58:31::895 0x1FE0> [CCommData::Broadcast] Client: \\.\pipe\GOOBZO_VAPIPESERVERUI, Event: Global\GOOBZO_STREAMACCELERATOREVENTSERVICEKEEPALIVE, code: 3
<04/05/2014 16:58:36::917 0x1FE0> [CCommData::Broadcast] client and server address equal \\.\pipe\GOOBZO_VAPIPESERVERENG
<04/05/2014 16:58:36::917 0x1FE0> [CCommData::Broadcast] Client: \\.\pipe\GOOBZO_VAPIPESERVERENG, Event: Global\GOOBZO_STREAMACCELERATOREVENTSERVICEKEEPALIVE, code: 3
<04/05/2014 16:58:36::924 0x1FE0> [CCommData::Broadcast] Client: \\.\pipe\GOOBZO_VAPIPESERVERUI, Event: Global\GOOBZO_STREAMACCELERATOREVENTSERVICEKEEPALIVE, code: 3
<04/05/2014 16:58:41::925 0x1FE0> [CCommData::Broadcast] client and server address equal \\.\pipe\GOOBZO_VAPIPESERVERENG
<04/05/2014 16:58:41::925 0x1FE0> [CCommData::Broadcast] Client: \\.\pipe\GOOBZO_VAPIPESERVERENG, Event: Global\GOOBZO_STREAMACCELERATOREVENTSERVICEKEEPALIVE, code: 3
<04/05/2014 16:58:41::925 0x1FE0> [CCommData::Broadcast] Client: \\.\pipe\GOOBZO_VAPIPESERVERUI, Event: Global\GOOBZO_STREAMACCELERATOREVENTSERVICEKEEPALIVE, code: 3
<04/05/2014 16:58:46::926 0x1FE0> [CCommData::Broadcast] client and server address equal \\.\pipe\GOOBZO_VAPIPESERVERENG
<04/05/2014 16:58:46::927 0x1FE0> [CCommData::Broadcast] Client: \\.\pipe\GOOBZO_VAPIPESERVERENG, Event: Global\GOOBZO_STREAMACCELERATOREVENTSERVICEKEEPALIVE, code: 3
<04/05/2014 16:58:46::927 0x1FE0> [CCommData::Broadcast] Client: \\.\pipe\GOOBZO_VAPIPESERVERUI, Event: Global\GOOBZO_STREAMACCELERATOREVENTSERVICEKEEPALIVE, code: 3
<04/05/2014 16:58:51::942 0x1FE0> [CCommData::Broadcast] client and server address equal \\.\pipe\GOOBZO_VAPIPESERVERENG
<04/05/2014 16:58:51::942 0x1FE0> [CCommData::Broadcast] Client: \\.\pipe\GOOBZO_VAPIPESERVERENG, Event: Global\GOOBZO_STREAMACCELERATOREVENTSERVICEKEEPALIVE, code: 3
<04/05/2014 16:58:51::942 0x1FE0> [CCommData::Broadcast] Client: \\.\pipe\GOOBZO_VAPIPESERVERUI, Event: Global\GOOBZO_STREAMACCELERATOREVENTSERVICEKEEPALIVE, code: 3
<04/05/2014 16:58:55::749 0x9E8> [CEventThreadManager::OnData] Event Alert: Global\GOOBZO_STREAMACCELERATORCOMTESTSUCCEEDED
<04/05/2014 16:58:56::942 0x1FE0> [CCommData::Broadcast] client and server address equal \\.\pipe\GOOBZO_VAPIPESERVERENG
<04/05/2014 16:58:56::942 0x1FE0> [CCommData::Broadcast] Client: \\.\pipe\GOOBZO_VAPIPESERVERENG, Event: Global\GOOBZO_STREAMACCELERATOREVENTSERVICEKEEPALIVE, code: 3
<04/05/2014 16:58:56::942 0x1FE0> [CCommData::Broadcast] Client: \\.\pipe\GOOBZO_VAPIPESERVERUI, Event: Global\GOOBZO_STREAMACCELERATOREVENTSERVICEKEEPALIVE, code: 3
<04/05/2014 16:59:01::954 0x1FE0> [CCommData::Broadcast] client and server address equal \\.\pipe\GOOBZO_VAPIPESERVERENG
<04/05/2014 16:59:01::954 0x1FE0> [CCommData::Broadcast] Client: \\.\pipe\GOOBZO_VAPIPESERVERENG, Event: Global\GOOBZO_STREAMACCELERATOREVENTSERVICEKEEPALIVE, code: 3
<04/05/2014 16:59:01::954 0x1FE0> [CCommData::Broadcast] Client: \\.\pipe\GOOBZO_VAPIPESERVERUI, Event: Global\GOOBZO_STREAMACCELERATOREVENTSERVICEKEEPALIVE, code: 3
<04/05/2014 16:59:04::459 0x9E8> [CEventThreadManager::OnData] Event Alert: Global\GOOBZO_SASETTRACEROFF
<04/05/2014 16:59:06::958 0x1FE0> [CCommData::Broadcast] client and server address equal \\.\pipe\GOOBZO_VAPIPESERVERENG
<04/05/2014 16:59:06::958 0x1FE0> [CCommData::Broadcast] Client: \\.\pipe\GOOBZO_VAPIPESERVERENG, Event: Global\GOOBZO_STREAMACCELERATOREVENTSERVICEKEEPALIVE, code: 3
<04/05/2014 16:59:06::958 0x1FE0> [CCommData::Broadcast] Client: \\.\pipe\GOOBZO_VAPIPESERVERUI, Event: Global\GOOBZO_STREAMACCELERATOREVENTSERVICEKEEPALIVE, code: 3
<04/05/2014 16:59:11::976 0x1FE0> [CCommData::Broadcast] client and server address equal \\.\pipe\GOOBZO_VAPIPESERVERENG
<04/05/2014 16:59:11::976 0x1FE0> [CCommData::Broadcast] Client: \\.\pipe\GOOBZO_VAPIPESERVERENG, Event: Global\GOOBZO_STREAMACCELERATOREVENTSERVICEKEEPALIVE, code: 3
<04/05/2014 16:59:11::976 0x1FE0> [CCommData::Broadcast] Client: \\.\pipe\GOOBZO_VAPIPESERVERUI, Event: Global\GOOBZO_STREAMACCELERATOREVENTSERVICEKEEPALIVE, code: 3
<04/05/2014 16:59:16::984 0x1FE0> [CCommData::Broadcast] client and server address equal \\.\pipe\GOOBZO_VAPIPESERVERENG
<04/05/2014 16:59:16::984 0x1FE0> [CCommData::Broadcast] Client: \\.\pipe\GOOBZO_VAPIPESERVERENG, Event: Global\GOOBZO_STREAMACCELERATOREVENTSERVICEKEEPALIVE, code: 3
<04/05/2014 16:59:16::984 0x1FE0> [CCommData::Broadcast] Client: \\.\pipe\GOOBZO_VAPIPESERVERUI, Event: Global\GOOBZO_STREAMACCELERATOREVENTSERVICEKEEPALIVE, code: 3
